0 info it worked if it ends with ok
1 verbose cli [ '/usr/bin/node', '/usr/bin/npm', 'publish' ]
2 info using npm@3.5.2
3 info using node@v8.10.0
4 verbose publish [ '.' ]
5 silly cache add args [ '.', null ]
6 verbose cache add spec .
7 silly cache add parsed spec Result {
7 silly cache add   raw: '.',
7 silly cache add   scope: null,
7 silly cache add   name: null,
7 silly cache add   rawSpec: '.',
7 silly cache add   spec: '/var/www/html/project/vuejs/npm-packages/shadowizard',
7 silly cache add   type: 'directory' }
8 verbose addLocalDirectory /home/bimal/.npm/shadowizard/1.0.0/package.tgz not in flight; packing
9 info lifecycle shadowizard@1.0.0~prepublish: shadowizard@1.0.0
10 silly lifecycle shadowizard@1.0.0~prepublish: no script for prepublish, continuing
11 verbose tar pack [ '/home/bimal/.npm/shadowizard/1.0.0/package.tgz',
11 verbose tar pack   '/var/www/html/project/vuejs/npm-packages/shadowizard' ]
12 verbose tarball /home/bimal/.npm/shadowizard/1.0.0/package.tgz
13 verbose folder /var/www/html/project/vuejs/npm-packages/shadowizard
14 verbose addLocalTarball adding from inside cache /home/bimal/.npm/shadowizard/1.0.0/package.tgz
15 silly cache afterAdd shadowizard@1.0.0
16 verbose afterAdd /home/bimal/.npm/shadowizard/1.0.0/package/package.json not in flight; writing
17 verbose afterAdd /home/bimal/.npm/shadowizard/1.0.0/package/package.json written
18 silly publish { name: 'shadowizard',
18 silly publish   version: '1.0.0',
18 silly publish   description: 'Awesome border shadow for non designer ',
18 silly publish   main: 'index.js',
18 silly publish   scripts: { test: 'echo "Error: no test specified" && exit 1' },
18 silly publish   repository:
18 silly publish    { type: 'git',
18 silly publish      url: 'git+https://github.com/bimaleshchauhan/shadowizard_bimal.git' },
18 silly publish   keywords: [ 'shadow', 'bimal' ],
18 silly publish   author: { name: 'bimal' },
18 silly publish   license: 'ISC',
18 silly publish   bugs:
18 silly publish    { url: 'https://github.com/bimaleshchauhan/shadowizard_bimal/issues' },
18 silly publish   homepage: 'https://github.com/bimaleshchauhan/shadowizard_bimal#readme',
18 silly publish   readme: '# what is this?\n\nThis is simple non-designer package for border shadow\n\n# Installation \n\n`npm i shadowizard_bimal --save`\n\n',
18 silly publish   readmeFilename: 'README.md',
18 silly publish   gitHead: 'b79037bfe67d3237129211dd90faf284585299c1',
18 silly publish   _id: 'shadowizard@1.0.0',
18 silly publish   _shasum: '6a92c84ea19a04c49f367e517f533cea34d7904c',
18 silly publish   _from: '.' }
19 verbose getPublishConfig undefined
20 silly mapToRegistry name shadowizard
21 silly mapToRegistry using default registry
22 silly mapToRegistry registry https://registry.npmjs.org/
23 silly mapToRegistry uri https://registry.npmjs.org/shadowizard
24 verbose publish registryBase https://registry.npmjs.org/
25 silly publish uploading /home/bimal/.npm/shadowizard/1.0.0/package.tgz
26 verbose request uri https://registry.npmjs.org/shadowizard
27 verbose request sending authorization for write operation
28 info attempt registry request try #1 at 00:28:14
29 verbose request using bearer token for auth
30 verbose request id 6733aa18f3c92624
31 http request PUT https://registry.npmjs.org/shadowizard
32 http 403 https://registry.npmjs.org/shadowizard
33 verbose headers { date: 'Sun, 15 Mar 2020 18:58:14 GMT',
33 verbose headers   'content-type': 'application/json',
33 verbose headers   'transfer-encoding': 'chunked',
33 verbose headers   connection: 'keep-alive',
33 verbose headers   'set-cookie':
33 verbose headers    [ '__cfduid=d8c056e6757307c586dacc4f2aca3ae841584298694; expires=Tue, 14-Apr-20 18:58:14 GMT; path=/; domain=.npmjs.org; HttpOnly; SameSite=Lax' ],
33 verbose headers   'cf-ray': '574876f9a923697d-BOM',
33 verbose headers   'cf-cache-status': 'DYNAMIC',
33 verbose headers   'expect-ct': 'max-age=604800, report-uri="https://report-uri.cloudflare.com/cdn-cgi/beacon/expect-ct"',
33 verbose headers   vary: 'Accept-Encoding',
33 verbose headers   server: 'cloudflare',
33 verbose headers   'content-encoding': 'gzip' }
34 verbose request invalidating /home/bimal/.npm/registry.npmjs.org/shadowizard on PUT
35 error publish Failed PUT 403
36 verbose stack Error: You do not have permission to publish "shadowizard". Are you logged in as the correct user? : shadowizard
36 verbose stack     at makeError (/usr/share/npm/node_modules/npm-registry-client/lib/request.js:264:12)
36 verbose stack     at CachingRegistryClient.<anonymous> (/usr/share/npm/node_modules/npm-registry-client/lib/request.js:252:14)
36 verbose stack     at /usr/share/npm/node_modules/npm-registry-client/lib/request.js:178:7
36 verbose stack     at Gunzip.onEnd (zlib.js:131:5)
36 verbose stack     at emitNone (events.js:111:20)
36 verbose stack     at Gunzip.emit (events.js:208:7)
36 verbose stack     at endReadableNT (_stream_readable.js:1064:12)
36 verbose stack     at _combinedTickCallback (internal/process/next_tick.js:138:11)
36 verbose stack     at process._tickCallback (internal/process/next_tick.js:180:9)
37 verbose statusCode 403
38 verbose pkgid shadowizard
39 verbose cwd /var/www/html/project/vuejs/npm-packages/shadowizard
40 error Linux 4.15.0-76-generic
41 error argv "/usr/bin/node" "/usr/bin/npm" "publish"
42 error node v8.10.0
43 error npm  v3.5.2
44 error code E403
45 error You do not have permission to publish "shadowizard". Are you logged in as the correct user? : shadowizard
46 error If you need help, you may report this error at:
46 error     <https://github.com/npm/npm/issues>
47 verbose exit [ 1, true ]
